<?xml version="1.0" encoding="UTF-8"?>
<!-- Generated by org.testng.reporters.JUnitXMLReporter -->
<testsuite ignored="4" hostname="jhonesLG" failures="0" tests="1" name="Smoke Test" time="6.133" errors="0" timestamp="2022-12-13T13:46:08 GMT">
  <testcase classname="com.bank.testsuite.BankTest" name="bankManagerShouldOpenAccountSuccessfully" time="1.851"/>
  <testcase classname="com.bank.testsuite.BankTest" name="customerShouldLoginAndLogoutSuccessfully" time="0.0">
    <ignored/>
  </testcase> <!-- customerShouldLoginAndLogoutSuccessfully -->
  <testcase classname="com.bank.testsuite.BankTest" name="bankManagerShouldAddCustomerSuccessfully" time="0.0">
    <ignored/>
  </testcase> <!-- bankManagerShouldAddCustomerSuccessfully -->
  <testcase classname="com.bank.testsuite.BankTest" name="customerShouldDepositMoneySuccessfully" time="0.0">
    <ignored/>
  </testcase> <!-- customerShouldDepositMoneySuccessfully -->
  <testcase classname="com.bank.testsuite.BankTest" name="customerShouldWithdrawMoneySuccessfully" time="0.0">
    <ignored/>
  </testcase> <!-- customerShouldWithdrawMoneySuccessfully -->
</testsuite> <!-- Smoke Test -->
