<?xml version="1.0" encoding="UTF-8"?>
<!-- Generated by org.testng.reporters.JUnitXMLReporter -->
<testsuite ignored="1" hostname="jhonesLG" failures="0" tests="4" name="Regression Test" time="23.481" errors="0" timestamp="2022-12-13T13:48:33 GMT">
  <testcase classname="com.bank.testsuite.BankTest" name="bankManagerShouldAddCustomerSuccessfully" time="1.164"/>
  <testcase classname="com.bank.testsuite.BankTest" name="bankManagerShouldOpenAccountSuccessfully" time="2.005"/>
  <testcase classname="com.bank.testsuite.BankTest" name="customerShouldDepositMoneySuccessfully" time="1.569"/>
  <testcase classname="com.bank.testsuite.BankTest" name="customerShouldLoginAndLogoutSuccessfully" time="1.568"/>
  <testcase classname="com.bank.testsuite.BankTest" name="customerShouldWithdrawMoneySuccessfully" time="0.0">
    <ignored/>
  </testcase> <!-- customerShouldWithdrawMoneySuccessfully -->
</testsuite> <!-- Regression Test -->
