<?xml version="1.0" encoding="UTF-8"?>
<!-- Generated by org.testng.reporters.JUnitXMLReporter -->
<testsuite ignored="4" hostname="jhonesLG" failures="0" tests="1" name="Sanity Test" time="5.368" errors="0" timestamp="2022-12-13T13:36:38 GMT">
  <testcase classname="com.bank.testsuite.BankTest" name="bankManagerShouldAddCustomerSuccessfully" time="1.322"/>
  <testcase classname="com.bank.testsuite.BankTest" name="customerShouldWithdrawMoneySuccessfully" time="0.0">
    <ignored/>
  </testcase> <!-- customerShouldWithdrawMoneySuccessfully -->
  <testcase classname="com.bank.testsuite.BankTest" name="customerShouldLoginAndLogoutSuccessfully" time="0.0">
    <ignored/>
  </testcase> <!-- customerShouldLoginAndLogoutSuccessfully -->
  <testcase classname="com.bank.testsuite.BankTest" name="bankManagerShouldOpenAccountSuccessfully" time="0.0">
    <ignored/>
  </testcase> <!-- bankManagerShouldOpenAccountSuccessfully -->
  <testcase classname="com.bank.testsuite.BankTest" name="customerShouldDepositMoneySuccessfully" time="0.0">
    <ignored/>
  </testcase> <!-- customerShouldDepositMoneySuccessfully -->
</testsuite> <!-- Sanity Test -->
